Produto Chupeta adicionado ao carrinho
Produto Chupeta adicionado ao carrinho
Produto Blusa do Ben 10 adicionado ao carrinho
Produto Chupeta adicionado ao carrinho
Produto Chupeta adicionado ao carrinho
<<<<<<< HEAD
Produto Chupeta adicionado ao carrinho
Produto Baby Comfort adicionado ao carrinho
Produto Blusa do Ben 10 adicionado ao carrinho
Produto Baby Comfort adicionado ao carrinho
Produto Chupeta adicionado ao carrinho
Produto Blusa do Ben 10 adicionado ao carrinho
Produto Blusa do Ben 10 adicionado ao carrinho
=======
Produto Blusa do Ben 10 adicionado ao carrinho
Produto Blusa do Ben 10 adicionado ao carrinho
Produto Max Steel adicionado ao carrinho
Produto Blusa do Ben 10 adicionado ao carrinho
Produto Fraldas Pampers adicionado ao carrinho
Produto Chupeta adicionado ao carrinho
>>>>>>> 99bbe08c61953a672a468eda7cf42505ab782fd0
